<?xml version="1.0" encoding="UTF-8" ?>
<testsuite failures="0" time="0.059" errors="0" skipped="0" tests="2" name="org.libreSubsEngine.SubtitlesRepositoryTest">
  <properties>
    <property name="java.runtime.name" value="Java(TM) SE Runtime Environment"/>
    <property name="sun.boot.library.path" value="/home/lucas/Programas/jdk1.6.0_14/jre/lib/amd64"/>
    <property name="java.vm.version" value="14.0-b16"/>
    <property name="java.vm.vendor" value="Sun Microsystems Inc."/>
    <property name="java.vendor.url" value="http://java.sun.com/"/>
    <property name="path.separator" value=":"/>
    <property name="java.vm.name" value="Java HotSpot(TM) 64-Bit Server VM"/>
    <property name="file.encoding.pkg" value="sun.io"/>
    <property name="user.country" value="BR"/>
    <property name="sun.java.launcher" value="SUN_STANDARD"/>
    <property name="sun.os.patch.level" value="unknown"/>
    <property name="java.vm.specification.name" value="Java Virtual Machine Specification"/>
    <property name="user.dir" value="/home/lucas/workspace/libreSubs/libreSubsEngine"/>
    <property name="java.runtime.version" value="1.6.0_14-b08"/>
    <property name="java.awt.graphicsenv" value="sun.awt.X11GraphicsEnvironment"/>
    <property name="basedir" value="/home/lucas/workspace/libreSubs/libreSubsEngine"/>
    <property name="java.endorsed.dirs" value="/home/lucas/Programas/jdk1.6.0_14/jre/lib/endorsed"/>
    <property name="os.arch" value="amd64"/>
    <property name="surefire.real.class.path" value="/tmp/surefirebooter2225310787113214788.jar"/>
    <property name="java.io.tmpdir" value="/tmp"/>
    <property name="line.separator" value="
"/>
    <property name="java.vm.specification.vendor" value="Sun Microsystems Inc."/>
    <property name="os.name" value="Linux"/>
    <property name="sun.jnu.encoding" value="UTF-8"/>
    <property name="java.library.path" value="/home/lucas/Programas/jdk1.6.0_14/jre/lib/amd64/server:/home/lucas/Programas/jdk1.6.0_14/jre/lib/amd64:/home/lucas/Programas/jdk1.6.0_14/jre/../lib/amd64:/usr/lib32:/usr/java/packages/lib/amd64:/lib:/usr/lib"/>
    <property name="surefire.test.class.path" value="/home/lucas/workspace/libreSubs/libreSubsEngine/target/test-classes:/home/lucas/workspace/libreSubs/libreSubsEngine/target/classes:/home/lucas/.m2/repository/junit/junit/4.8.1/junit-4.8.1.jar:/home/lucas/.m2/repository/org/apache/commons/commons-io/1.3.2/commons-io-1.3.2.jar:/home/lucas/.m2/repository/commons-lang/commons-lang/2.5/commons-lang-2.5.jar:"/>
    <property name="java.specification.name" value="Java Platform API Specification"/>
    <property name="java.class.version" value="50.0"/>
    <property name="sun.management.compiler" value="HotSpot 64-Bit Server Compiler"/>
    <property name="os.version" value="2.6.32-25-generic"/>
    <property name="user.home" value="/home/lucas"/>
    <property name="user.timezone" value=""/>
    <property name="java.awt.printerjob" value="sun.print.PSPrinterJob"/>
    <property name="file.encoding" value="UTF-8"/>
    <property name="java.specification.version" value="1.6"/>
    <property name="user.name" value="lucas"/>
    <property name="java.class.path" value="/home/lucas/workspace/libreSubs/libreSubsEngine/target/test-classes:/home/lucas/workspace/libreSubs/libreSubsEngine/target/classes:/home/lucas/.m2/repository/junit/junit/4.8.1/junit-4.8.1.jar:/home/lucas/.m2/repository/org/apache/commons/commons-io/1.3.2/commons-io-1.3.2.jar:/home/lucas/.m2/repository/commons-lang/commons-lang/2.5/commons-lang-2.5.jar:"/>
    <property name="java.vm.specification.version" value="1.0"/>
    <property name="sun.arch.data.model" value="64"/>
    <property name="java.home" value="/home/lucas/Programas/jdk1.6.0_14/jre"/>
    <property name="java.specification.vendor" value="Sun Microsystems Inc."/>
    <property name="user.language" value="pt"/>
    <property name="java.vm.info" value="mixed mode"/>
    <property name="java.version" value="1.6.0_14"/>
    <property name="java.ext.dirs" value="/home/lucas/Programas/jdk1.6.0_14/jre/lib/ext:/usr/java/packages/lib/ext"/>
    <property name="sun.boot.class.path" value="/home/lucas/Programas/jdk1.6.0_14/jre/lib/resources.jar:/home/lucas/Programas/jdk1.6.0_14/jre/lib/rt.jar:/home/lucas/Programas/jdk1.6.0_14/jre/lib/sunrsasign.jar:/home/lucas/Programas/jdk1.6.0_14/jre/lib/jsse.jar:/home/lucas/Programas/jdk1.6.0_14/jre/lib/jce.jar:/home/lucas/Programas/jdk1.6.0_14/jre/lib/charsets.jar:/home/lucas/Programas/jdk1.6.0_14/jre/classes"/>
    <property name="java.vendor" value="Sun Microsystems Inc."/>
    <property name="localRepository" value="/home/lucas/.m2/repository"/>
    <property name="file.separator" value="/"/>
    <property name="java.vendor.url.bug" value="http://java.sun.com/cgi-bin/bugreport.cgi"/>
    <property name="sun.cpu.endian" value="little"/>
    <property name="sun.io.unicode.encoding" value="UnicodeLittle"/>
    <property name="sun.desktop" value="gnome"/>
    <property name="sun.cpu.isalist" value=""/>
  </properties>
  <testcase time="0.031" classname="org.libreSubsEngine.SubtitlesRepositoryTest" name="loadRepositoryTest"/>
  <testcase time="0.003" classname="org.libreSubsEngine.SubtitlesRepositoryTest" name="changeSubtitleContentInternally"/>
</testsuite>